# JRE version: Java(TM) SE Runtime Environment (8.0_71-b15) (build 1.8.0_71-b15)
# Java VM: Java HotSpot(TM) 64-Bit Server VM (25.71-b15 mixed mode bsd-amd64 compressed oops)
Heap:
 PSYoungGen      total 324608K, used 92795K [0x000000076ab00000, 0x0000000783880000, 0x00000007c0000000)
  eden space 274944K, 15% used [0x000000076ab00000,0x000000076d52dc58,0x000000077b780000)
  from space 49664K, 99% used [0x000000077bf80000,0x000000077eff1088,0x000000077f000000)
  to   space 66048K, 0% used [0x000000077f800000,0x000000077f800000,0x0000000783880000)
 ParOldGen       total 281088K, used 64777K [0x00000006c0000000, 0x00000006d1280000, 0x000000076ab00000)
  object space 281088K, 23% used [0x00000006c0000000,0x00000006c3f427b0,0x00000006d1280000)
 Metaspace       used 117209K, capacity 118974K, committed 119464K, reserved 1153024K
  class space    used 14321K, capacity 14965K, committed 15016K, reserved 1048576K
GC Heap History (10 events):
Event: 4993.681 GC heap before
{Heap before GC invocations=13 (full 3):
 PSYoungGen      total 353792K, used 353318K [0x000000076ab00000, 0x0000000783f00000, 0x00000007c0000000)
  eden space 309248K, 100% used [0x000000076ab00000,0x000000077d900000,0x000000077d900000)
  from space 44544K, 98% used [0x000000077e280000,0x0000000780d89aa0,0x0000000780e00000)
  to   space 50176K, 0% used [0x0000000780e00000,0x0000000780e00000,0x0000000783f00000)
 ParOldGen       total 259072K, used 38843K [0x00000006c0000000, 0x00000006cfd00000, 0x000000076ab00000)
  object space 259072K, 14% used [0x00000006c0000000,0x00000006c25eed68,0x00000006cfd00000)
 Metaspace       used 90110K, capacity 91530K, committed 92080K, reserved 1130496K
  class space    used 10912K, capacity 11389K, committed 11440K, reserved 1048576K
Event: 4993.764 GC heap after
Heap after GC invocations=13 (full 3):
 PSYoungGen      total 350208K, used 50174K [0x000000076ab00000, 0x0000000784900000, 0x00000007c0000000)
  eden space 300032K, 0% used [0x000000076ab00000,0x000000076ab00000,0x000000077d000000)
  from space 50176K, 99% used [0x0000000780e00000,0x0000000783eff810,0x0000000783f00000)
  to   space 61952K, 0% used [0x000000077d000000,0x000000077d000000,0x0000000780c80000)
 ParOldGen       total 259072K, used 47617K [0x00000006c0000000, 0x00000006cfd00000, 0x000000076ab00000)
  object space 259072K, 18% used [0x00000006c0000000,0x00000006c2e80600,0x00000006cfd00000)
 Metaspace       used 90110K, capacity 91530K, committed 92080K, reserved 1130496K
  class space    used 10912K, capacity 11389K, committed 11440K, reserved 1048576K
}
Event: 5126.051 GC heap before
{Heap before GC invocations=14 (full 3):
 PSYoungGen      total 350208K, used 180832K [0x000000076ab00000, 0x0000000784900000, 0x00000007c0000000)
  eden space 300032K, 43% used [0x000000076ab00000,0x0000000772a98b38,0x000000077d000000)
  from space 50176K, 99% used [0x0000000780e00000,0x0000000783eff810,0x0000000783f00000)
  to   space 61952K, 0% used [0x000000077d000000,0x000000077d000000,0x0000000780c80000)
 ParOldGen       total 259072K, used 47617K [0x00000006c0000000, 0x00000006cfd00000, 0x000000076ab00000)
  object space 259072K, 18% used [0x00000006c0000000,0x00000006c2e80600,0x00000006cfd00000)
 Metaspace       used 96660K, capacity 98122K, committed 98600K, reserved 1136640K
  class space    used 11702K, capacity 12215K, committed 12328K, reserved 1048576K
Event: 5126.081 GC heap after
Heap after GC invocations=14 (full 3):
 PSYoungGen      total 327168K, used 35338K [0x000000076ab00000, 0x0000000783f80000, 0x00000007c0000000)
  eden space 291328K, 0% used [0x000000076ab00000,0x000000076ab00000,0x000000077c780000)
  from space 35840K, 98% used [0x000000077d000000,0x000000077f2829e8,0x000000077f300000)
  to   space 61440K, 0% used [0x0000000780380000,0x0000000780380000,0x0000000783f80000)
 ParOldGen       total 259072K, used 47625K [0x00000006c0000000, 0x00000006cfd00000, 0x000000076ab00000)
  object space 259072K, 18% used [0x00000006c0000000,0x00000006c2e82600,0x00000006cfd00000)
 Metaspace       used 96660K, capacity 98122K, committed 98600K, reserved 1136640K
  class space    used 11702K, capacity 12215K, committed 12328K, reserved 1048576K
}
Event: 5126.081 GC heap before
{Heap before GC invocations=15 (full 4):
 PSYoungGen      total 327168K, used 35338K [0x000000076ab00000, 0x0000000783f80000, 0x00000007c0000000)
  eden space 291328K, 0% used [0x000000076ab00000,0x000000076ab00000,0x000000077c780000)
  from space 35840K, 98% used [0x000000077d000000,0x000000077f2829e8,0x000000077f300000)
  to   space 61440K, 0% used [0x0000000780380000,0x0000000780380000,0x0000000783f80000)
 ParOldGen       total 259072K, used 47625K [0x00000006c0000000, 0x00000006cfd00000, 0x000000076ab00000)
  object space 259072K, 18% used [0x00000006c0000000,0x00000006c2e82600,0x00000006cfd00000)
 Metaspace       used 96660K, capacity 98122K, committed 98600K, reserved 1136640K
  class space    used 11702K, capacity 12215K, committed 12328K, reserved 1048576K
Event: 5126.353 GC heap after
Heap after GC invocations=15 (full 4):
 PSYoungGen      total 327168K, used 0K [0x000000076ab00000, 0x0000000783f80000, 0x00000007c0000000)
  eden space 291328K, 0% used [0x000000076ab00000,0x000000076ab00000,0x000000077c780000)
  from space 35840K, 0% used [0x000000077d000000,0x000000077d000000,0x000000077f300000)
  to   space 61440K, 0% used [0x0000000780380000,0x0000000780380000,0x0000000783f80000)
 ParOldGen       total 281088K, used 64761K [0x00000006c0000000, 0x00000006d1280000, 0x000000076ab00000)
  object space 281088K, 23% used [0x00000006c0000000,0x00000006c3f3e7b0,0x00000006d1280000)
 Metaspace       used 96568K, capacity 97974K, committed 98600K, reserved 1136640K
  class space    used 11678K, capacity 12177K, committed 12328K, reserved 1048576K
}
Event: 9116.540 GC heap before
{Heap before GC invocations=16 (full 4):
 PSYoungGen      total 327168K, used 291328K [0x000000076ab00000, 0x0000000783f80000, 0x00000007c0000000)
  eden space 291328K, 100% used [0x000000076ab00000,0x000000077c780000,0x000000077c780000)
  from space 35840K, 0% used [0x000000077d000000,0x000000077d000000,0x000000077f300000)
  to   space 61440K, 0% used [0x0000000780380000,0x0000000780380000,0x0000000783f80000)
 ParOldGen       total 281088K, used 64761K [0x00000006c0000000, 0x00000006d1280000, 0x000000076ab00000)
  object space 281088K, 23% used [0x00000006c0000000,0x00000006c3f3e7b0,0x00000006d1280000)
 Metaspace       used 99078K, capacity 100552K, committed 101160K, reserved 1138688K
  class space    used 12037K, capacity 12562K, committed 12584K, reserved 1048576K
Event: 9116.578 GC heap after
Heap after GC invocations=16 (full 4):
 PSYoungGen      total 337408K, used 39242K [0x000000076ab00000, 0x0000000783880000, 0x00000007c0000000)
  eden space 283136K, 0% used [0x000000076ab00000,0x000000076ab00000,0x000000077bf80000)
  from space 54272K, 72% used [0x0000000780380000,0x00000007829d2968,0x0000000783880000)
  to   space 61952K, 0% used [0x000000077bf80000,0x000000077bf80000,0x000000077fc00000)
 ParOldGen       total 281088K, used 64769K [0x00000006c0000000, 0x00000006d1280000, 0x000000076ab00000)
  object space 281088K, 23% used [0x00000006c0000000,0x00000006c3f407b0,0x00000006d1280000)
 Metaspace       used 99078K, capacity 100552K, committed 101160K, reserved 1138688K
  class space    used 12037K, capacity 12562K, committed 12584K, reserved 1048576K
}
Event: 9530.898 GC heap before
{Heap before GC invocations=17 (full 4):
 PSYoungGen      total 337408K, used 322378K [0x000000076ab00000, 0x0000000783880000, 0x00000007c0000000)
  eden space 283136K, 100% used [0x000000076ab00000,0x000000077bf80000,0x000000077bf80000)
  from space 54272K, 72% used [0x0000000780380000,0x00000007829d2968,0x0000000783880000)
  to   space 61952K, 0% used [0x000000077bf80000,0x000000077bf80000,0x000000077fc00000)
 ParOldGen       total 281088K, used 64769K [0x00000006c0000000, 0x00000006d1280000, 0x000000076ab00000)
  object space 281088K, 23% used [0x00000006c0000000,0x00000006c3f407b0,0x00000006d1280000)
 Metaspace       used 112719K, capacity 114440K, committed 114728K, reserved 1148928K
  class space    used 13755K, capacity 14376K, committed 14376K, reserved 1048576K
Event: 9530.938 GC heap after
Heap after GC invocations=17 (full 4):
 PSYoungGen      total 324608K, used 49604K [0x000000076ab00000, 0x0000000783880000, 0x00000007c0000000)
  eden space 274944K, 0% used [0x000000076ab00000,0x000000076ab00000,0x000000077b780000)
  from space 49664K, 99% used [0x000000077bf80000,0x000000077eff1088,0x000000077f000000)
  to   space 66048K, 0% used [0x000000077f800000,0x000000077f800000,0x0000000783880000)
 ParOldGen       total 281088K, used 64777K [0x00000006c0000000, 0x00000006d1280000, 0x000000076ab00000)
  object space 281088K, 23% used [0x00000006c0000000,0x00000006c3f427b0,0x00000006d1280000)
 Metaspace       used 112719K, capacity 114440K, committed 114728K, reserved 1148928K
  class space    used 13755K, capacity 14376K, committed 14376K, reserved 1048576K
}

